Arguments: 
  /usr/local/bin/node /usr/local/Cellar/yarn/1.9.4/libexec/bin/yarn.js

PATH: 
  /Users/zacharydeluna/Downloads/google-cloud-sdk/bin:/usr/local/bin:/usr/bin:/bin:/usr/sbin:/sbin:/opt/X11/bin:/Applications/Wireshark.app/Contents/MacOS

Yarn version: 
  1.9.4

Node version: 
  8.12.0

Platform: 
  darwin x64

Trace: 
  SyntaxError: /Users/zacharydeluna/Documents/RecipesApp/package.json: Unexpected token   in JSON at position 177
      at JSON.parse (<anonymous>)
      at /usr/local/Cellar/yarn/1.9.4/libexec/lib/cli.js:1130:59
      at Generator.next (<anonymous>)
      at step (/usr/local/Cellar/yarn/1.9.4/libexec/lib/cli.js:92:30)
      at /usr/local/Cellar/yarn/1.9.4/libexec/lib/cli.js:103:13
      at <anonymous>

npm manifest: 
  {
  	"name": "RecipeApp",
  	"version": "1.0.0",
  	"scripts": {
  		"client": "cd client && yarn start",
  		"server": "nodemon server.js",
  		"dev": "concurrently --kill-others-on-fail \ "yarn server\"\"yarn client\""
  	},
  	"dependencies" : {
  		"express": "^4.16.2"
  	},
  	"devDependencies": {
  		"concurrently": "^3.5.0"
  	}
  }

yarn manifest: 
  No manifest

Lockfile: 
  No lockfile
